\BOOKMARK [0][-]{chapter.1}{Ennonc\351 du Projet Tuteur\351}{}
\BOOKMARK [1][-]{section.1.1}{Le Sujet}{chapter.1}
\BOOKMARK [1][-]{section.1.2}{Le Travail Attendu}{chapter.1}
\BOOKMARK [1][-]{section.1.3}{Constitution d\220un site Grid5000}{chapter.1}
\BOOKMARK [0][-]{chapter.2}{La plate-forme Grid5000}{}
\BOOKMARK [1][-]{section.2.1}{Objectif de la cr\351ation}{chapter.2}
\BOOKMARK [1][-]{section.2.2}{Organisation}{chapter.2}
\BOOKMARK [1][-]{section.2.3}{Les outils du Grid5000}{chapter.2}
\BOOKMARK [2][-]{subsection.2.3.1}{OAR}{section.2.3}
\BOOKMARK [2][-]{subsection.2.3.2}{Kadeploy}{section.2.3}
\BOOKMARK [0][-]{chapter.3}{Le logiciel Puppet}{}
\BOOKMARK [1][-]{section.3.1}{Qu\220est ce que Puppet Labs ?}{chapter.3}
\BOOKMARK [1][-]{section.3.2}{Le Contexte}{chapter.3}
\BOOKMARK [1][-]{section.3.3}{Fonction principale}{chapter.3}
\BOOKMARK [0][-]{chapter.4}{Le travail r\351alis\351}{}
\BOOKMARK [1][-]{section.4.1}{Choix techniques}{chapter.4}
\BOOKMARK [1][-]{section.4.2}{\311tat actuel des travaux.}{chapter.4}
\BOOKMARK [2][-]{subsection.4.2.1}{Historique}{section.4.2}
\BOOKMARK [2][-]{subsection.4.2.2}{Scripts r\351alis\351s}{section.4.2}
\BOOKMARK [2][-]{subsection.4.2.3}{Poursuite du projet, ce qui est \340 venir...}{section.4.2}
