\BOOKMARK [0][-]{chapter.1}{Introduction}{}
\BOOKMARK [1][-]{section.1.1}{Introduction au Projet Tuteur\351}{chapter.1}
\BOOKMARK [2][-]{subsection.1.1.1}{blabla made in Riwan}{section.1.1}
\BOOKMARK [0][-]{chapter.2}{Grid5000}{}
\BOOKMARK [1][-]{section.2.1}{Introduction au Grid 5000}{chapter.2}
\BOOKMARK [2][-]{subsection.2.1.1}{blabla made in Dimitri}{section.2.1}
\BOOKMARK [0][-]{chapter.3}{Puppet Labs}{}
\BOOKMARK [1][-]{section.3.1}{Introduction \340 Puppet}{chapter.3}
\BOOKMARK [2][-]{subsection.3.1.1}{Qu'est ce que Puppet Labs ?}{section.3.1}
\BOOKMARK [2][-]{subsection.3.1.2}{Contexte d'utilisation}{section.3.1}
\BOOKMARK [2][-]{subsection.3.1.3}{Fonction principale}{section.3.1}
\BOOKMARK [1][-]{section.3.2}{Commencer avec Puppet}{chapter.3}
\BOOKMARK [2][-]{subsection.3.2.1}{Installation}{section.3.2}
\BOOKMARK [2][-]{subsection.3.2.2}{Configuration}{section.3.2}
\BOOKMARK [2][-]{subsection.3.2.3}{Synchronisation}{section.3.2}
\BOOKMARK [1][-]{section.3.3}{Manifests}{chapter.3}
\BOOKMARK [2][-]{subsection.3.3.1}{Qu'est ce qu'un manifest ?}{section.3.3}
\BOOKMARK [2][-]{subsection.3.3.2}{Ressources}{section.3.3}
\BOOKMARK [1][-]{section.3.4}{Modules}{chapter.3}
\BOOKMARK [2][-]{subsection.3.4.1}{Qu'est ce qu'un module ?}{section.3.4}
\BOOKMARK [2][-]{subsection.3.4.2}{Structure d'un module}{section.3.4}
\BOOKMARK [2][-]{subsection.3.4.3}{Exemple concret de module}{section.3.4}
\BOOKMARK [1][-]{section.3.5}{Compl\351ment \340 Puppet}{chapter.3}
\BOOKMARK [2][-]{subsection.3.5.1}{Puppet Dashboard}{section.3.5}
\BOOKMARK [2][-]{subsection.3.5.2}{The Foreman}{section.3.5}
\BOOKMARK [2][-]{subsection.3.5.3}{Puppet Module Tool}{section.3.5}
\BOOKMARK [0][-]{chapter.4}{Travail effectu\351}{}
\BOOKMARK [1][-]{section.4.1}{Travail effectu\351}{chapter.4}
\BOOKMARK [2][-]{subsection.4.1.1}{blabla made in Quentin}{section.4.1}
\BOOKMARK [0][-]{chapter.5}{Conclusion}{}
